<?xml version="1.0" encoding="UTF-8"?>
<!-- Generated by org.testng.reporters.JUnitXMLReporter -->
<testsuite hostname="Saibaba" name="Default test" tests="3" failures="0" timestamp="31 Aug 2015 03:47:08 GMT" time="161.719" errors="0">
  <testcase name="clickGiftCardLink" time="30.647" classname="com.amazon.pages.HomePage"/>
  <testcase name="clickSellLink" time="24.383" classname="com.amazon.pages.HomePage"/>
  <testcase name="clickTodaysDealsLink" time="69.583" classname="com.amazon.pages.HomePage"/>
</testsuite> <!-- Default test -->
